<?xml version="1.0" encoding="UTF-8"?>
<!-- Generated by org.testng.reporters.JUnitXMLReporter -->
<testsuite ignored="4" hostname="Bharaths-MacBook-Pro.local" failures="0" tests="3" name="Test" time="2.22" errors="0" timestamp="2022-07-31T22:44:51 CEST">
  <testcase classname="tests.rest.TC001_SearchUser" name="searchUser" time="1.474"/>
  <testcase classname="tests.rest.TC002_SearchPosts" name="searchUserPosts" time="0.259"/>
  <testcase classname="tests.rest.TC003_SearchComments" name="searchUserPostsComments" time="0.126"/>
  <testcase classname="lib.restAssured.PreAndPost" name="@BeforeSuite startTheReport" time="0.0">
    <ignored/>
  </testcase> <!-- @BeforeSuite startTheReport -->
  <testcase classname="lib.restAssured.PreAndPost" name="@AfterSuite stopTheReport" time="0.0">
    <ignored/>
  </testcase> <!-- @AfterSuite stopTheReport -->
  <testcase classname="lib.restAssured.PreAndPost" name="@BeforeSuite startTheReport" time="0.0">
    <ignored/>
  </testcase> <!-- @BeforeSuite startTheReport -->
  <testcase classname="lib.restAssured.PreAndPost" name="@AfterSuite stopTheReport" time="0.0">
    <ignored/>
  </testcase> <!-- @AfterSuite stopTheReport -->
</testsuite> <!-- Test -->
